c:\zaawansowane programowanie\lab01\make.visual\x64\debug\vc140.pdb
c:\zaawansowane programowanie\lab01\make.visual\x64\debug\vc140.idb
c:\zaawansowane programowanie\lab01\make.visual\x64\debug\main.obj
c:\zaawansowane programowanie\git\zpwm\lab01\make.visual\x64\debug\vc140.pdb
c:\zaawansowane programowanie\git\zpwm\lab01\make.visual\x64\debug\vc140.idb
c:\zaawansowane programowanie\git\zpwm\lab01\make.visual\x64\debug\main.obj
c:\zaawansowane programowanie\git\zpwm\lab03\make.visual\x64\debug\vc140.pdb
c:\zaawansowane programowanie\git\zpwm\lab03\make.visual\x64\debug\vc140.idb
c:\zaawansowane programowanie\git\zpwm\lab03\make.visual\x64\debug\main.obj
c:\zaawansowane programowanie\git\zpwm\lab04\make.visual\x64\debug\vc140.pdb
c:\zaawansowane programowanie\git\zpwm\lab04\make.visual\x64\debug\vc140.idb
c:\zaawansowane programowanie\git\zpwm\lab04\make.visual\x64\debug\main.obj
c:\zaawansowane programowanie\git\zpwm\lab05\make.visual\x64\debug\vc140.pdb
c:\zaawansowane programowanie\git\zpwm\lab05\make.visual\x64\debug\vc140.idb
c:\zaawansowane programowanie\git\zpwm\lab05\make.visual\x64\debug\main.obj
c:\zaawansowane programowanie\git\zpwm\lab06\make.visual\x64\debug\vc140.pdb
c:\zaawansowane programowanie\git\zpwm\lab06\make.visual\x64\debug\vc140.idb
c:\zaawansowane programowanie\git\zpwm\lab06\make.visual\x64\debug\main.obj
c:\zaawansowane programowanie\lab01\bin\app.ilk
c:\zaawansowane programowanie\lab01\bin\app.exe
c:\zaawansowane programowanie\lab01\bin\app.pdb
c:\zaawansowane programowanie\git\zpwm\lab01\bin\app.ilk
c:\zaawansowane programowanie\git\zpwm\lab01\bin\app.exe
c:\zaawansowane programowanie\git\zpwm\lab01\bin\app.pdb
c:\zaawansowane programowanie\git\zpwm\lab03\bin\app.ilk
c:\zaawansowane programowanie\git\zpwm\lab03\bin\app.exe
c:\zaawansowane programowanie\git\zpwm\lab03\bin\app.pdb
c:\zaawansowane programowanie\git\zpwm\lab04\bin\app.ilk
c:\zaawansowane programowanie\git\zpwm\lab04\bin\app.exe
c:\zaawansowane programowanie\git\zpwm\lab04\bin\app.pdb
c:\zaawansowane programowanie\git\zpwm\lab05\bin\app.ilk
c:\zaawansowane programowanie\git\zpwm\lab05\bin\app.exe
c:\zaawansowane programowanie\git\zpwm\lab05\bin\app.pdb
c:\zaawansowane programowanie\git\zpwm\lab06\bin\app.ilk
c:\zaawansowane programowanie\git\zpwm\lab06\bin\app.exe
c:\zaawansowane programowanie\git\zpwm\lab06\bin\app.pdb
c:\zaawansowane programowanie\git\zpwm\lab03\make.visual\x64\debug\res.res
c:\zaawansowane programowanie\git\zpwm\lab04\make.visual\x64\debug\res.res
c:\zaawansowane programowanie\git\zpwm\lab05\make.visual\x64\debug\res.res
c:\zaawansowane programowanie\git\zpwm\lab06\make.visual\x64\debug\res.res
c:\zaawansowane programowanie\git\zpwm\lab06\make.visual\\..\bin\app.pdb
c:\zaawansowane programowanie\git\zpwm\lab06\make.visual\\..\bin\app.exe
c:\zaawansowane programowanie\git\zpwm\lab06\make.visual\\..\bin\app.ilk
c:\zaawansowane programowanie\git\zpwm\lab06\make.visual\x64\debug\app.tlog\cl.command.1.tlog
c:\zaawansowane programowanie\git\zpwm\lab06\make.visual\x64\debug\app.tlog\cl.read.1.tlog
c:\zaawansowane programowanie\git\zpwm\lab06\make.visual\x64\debug\app.tlog\cl.write.1.tlog
c:\zaawansowane programowanie\git\zpwm\lab06\make.visual\x64\debug\app.tlog\link.command.1.tlog
c:\zaawansowane programowanie\git\zpwm\lab06\make.visual\x64\debug\app.tlog\link.read.1.tlog
c:\zaawansowane programowanie\git\zpwm\lab06\make.visual\x64\debug\app.tlog\link.write.1.tlog
c:\zaawansowane programowanie\git\zpwm\lab06\make.visual\x64\debug\app.tlog\rc.command.1.tlog
c:\zaawansowane programowanie\git\zpwm\lab06\make.visual\x64\debug\app.tlog\rc.read.1.tlog
c:\zaawansowane programowanie\git\zpwm\lab06\make.visual\x64\debug\app.tlog\rc.write.1.tlog
